This is pdfTeX, Version 3.141592-1.40.7 (MiKTeX 2.7) (preloaded format=pdflatex 2008.2.27)  26 SEP 2008 10:40
entering extended mode
**C:/Users/Tshering/Desktop/presentation/Presentation.tex
(C:/Users/Tshering/Desktop/presentation/Presentation.tex
LaTeX2e <2005/12/01>
Babel <v3.8h> and hyphenation patterns for english, dumylang, nohyphenation, ge
rman, ngerman, french, loaded.
("C:\Program Files\MiKTeX 2.7\tex\latex\beamer\base\beamer.cls"
("C:\Program Files\MiKTeX 2.7\tex\latex\beamer\base\beamerbasercs.sty"
Package: beamerbasercs 2007/01/28 (rcs-revision 1.4)
)
Document Class: beamer 2007/03/11 cvs version 3.07 A class for typesetting pres
entations (rcs-revision 1.70)
("C:\Program Files\MiKTeX 2.7\tex\latex\beamer\base\beamerbasemodes.sty"
Package: beamerbasemodes 2007/01/28 (rcs-revision 1.22)
\beamer@tempbox=\box26
\beamer@tempcount=\count79
\c@beamerpauses=\count80

("C:\Program Files\MiKTeX 2.7\tex\latex\beamer\base\beamerbasedecode.sty"
Package: beamerbasedecode 2007/01/28 (rcs-revision 1.20)
\beamer@slideinframe=\count81
\beamer@minimum=\count82
)
\beamer@commentbox=\box27
\beamer@modecount=\count83
)
\headheight=\dimen102
\headdp=\dimen103
\footheight=\dimen104
\sidebarheight=\dimen105
\beamer@tempdim=\dimen106
\beamer@finalheight=\dimen107
\beamer@animht=\dimen108
\beamer@animdp=\dimen109
\beamer@animwd=\dimen110
\beamer@leftmargin=\dimen111
\beamer@rightmargin=\dimen112
\beamer@leftsidebar=\dimen113
\beamer@rightsidebar=\dimen114
\beamer@boxsize=\dimen115
\beamer@vboxoffset=\dimen116
\beamer@descdefault=\dimen117
\beamer@descriptionwidth=\dimen118
\beamer@lastskip=\skip41
\beamer@areabox=\box28
\beamer@animcurrent=\box29
\beamer@animshowbox=\box30
\beamer@sectionbox=\box31
\beamer@logobox=\box32
\beamer@linebox=\box33
\beamer@sectioncount=\count84
\beamer@subsubsectionmax=\count85
\beamer@subsectionmax=\count86
\beamer@sectionmax=\count87
\beamer@totalheads=\count88
\beamer@headcounter=\count89
\beamer@partstartpage=\count90
\beamer@sectionstartpage=\count91
\beamer@subsectionstartpage=\count92
\beamer@animationtempa=\count93
\beamer@animationtempb=\count94
\beamer@xpos=\count95
\beamer@ypos=\count96
\beamer@showpartnumber=\count97
\beamer@currentsubsection=\count98
\beamer@coveringdepth=\count99
\beamer@sectionadjust=\count100
\beamer@tocsectionnumber=\count101

("C:\Program Files\MiKTeX 2.7\tex\latex\beamer\base\beamerbaseoptions.sty"
Package: beamerbaseoptions 2007/01/28 (rcs-revision 1.8)

("C:\Program Files\MiKTeX 2.7\tex\latex\graphics\keyval.sty"
Package: keyval 1999/03/16 v1.13 key=value parser (DPC)
\KV@toks@=\toks14
))
("C:\Program Files\MiKTeX 2.7\tex\latex\pgf\basiclayer\pgfcore.sty"
("C:\Program Files\MiKTeX 2.7\tex\latex\graphics\graphicx.sty"
Package: graphicx 1999/02/16 v1.0f Enhanced LaTeX Graphics (DPC,SPQR)

("C:\Program Files\MiKTeX 2.7\tex\latex\graphics\graphics.sty"
Package: graphics 2006/02/20 v1.0o Standard LaTeX Graphics (DPC,SPQR)

("C:\Program Files\MiKTeX 2.7\tex\latex\graphics\trig.sty"
Package: trig 1999/03/16 v1.09 sin cos tan (DPC)
)
("C:\Program Files\MiKTeX 2.7\tex\latex\00miktex\graphics.cfg"
File: graphics.cfg 2007/01/18 v1.5 graphics configuration of teTeX/TeXLive
)
Package graphics Info: Driver file: pdftex.def on input line 90.

("C:\Program Files\MiKTeX 2.7\tex\latex\graphics\pdftex.def"
File: pdftex.def 2007/06/12 v0.04h Graphics/color for pdfTeX
\Gread@gobject=\count102
))
\Gin@req@height=\dimen119
\Gin@req@width=\dimen120
)
("C:\Program Files\MiKTeX 2.7\tex\latex\pgf\systemlayer\pgfsys.sty"
("C:\Program Files\MiKTeX 2.7\tex\latex\pgf\utilities\pgfrcs.sty"
("C:\Program Files\MiKTeX 2.7\tex\generic\pgf\utilities\pgfutil-common.tex"
\pgfutil@everybye=\toks15
)
("C:\Program Files\MiKTeX 2.7\tex\generic\pgf\utilities\pgfutil-latex.def")
("C:\Program Files\MiKTeX 2.7\tex\generic\pgf\utilities\pgfrcs.code.tex"
Package: pgfrcs 2008/02/20 v2.00 (rcs-revision 1.21)
))
("C:\Program Files\MiKTeX 2.7\tex\generic\pgf\systemlayer\pgfsys.code.tex"
Package: pgfsys 2008/02/07 v2.00 (rcs-revision 1.31)

("C:\Program Files\MiKTeX 2.7\tex\generic\pgf\utilities\pgfkeys.code.tex"
\pgfkeys@pathtoks=\toks16
\pgfkeys@temptoks=\toks17
)
\pgf@x=\dimen121
\pgf@y=\dimen122
\pgf@xa=\dimen123
\pgf@ya=\dimen124
\pgf@xb=\dimen125
\pgf@yb=\dimen126
\pgf@xc=\dimen127
\pgf@yc=\dimen128
\c@pgf@counta=\count103
\c@pgf@countb=\count104
\c@pgf@countc=\count105
\c@pgf@countd=\count106

("C:\Program Files\MiKTeX 2.7\tex\generic\pgf\systemlayer\pgf.cfg"
File: pgf.cfg 2008/01/13  (rcs-revision 1.6)
)
Package pgfsys Info: Driver file for pgf: pgfsys-pdftex.def on input line 885.

("C:\Program Files\MiKTeX 2.7\tex\generic\pgf\systemlayer\pgfsys-pdftex.def"
File: pgfsys-pdftex.def 2007/12/20  (rcs-revision 1.20)

("C:\Program Files\MiKTeX 2.7\tex\generic\pgf\systemlayer\pgfsys-common-pdf.def
"
File: pgfsys-common-pdf.def 2007/12/17  (rcs-revision 1.8)
)))
("C:\Program Files\MiKTeX 2.7\tex\generic\pgf\systemlayer\pgfsyssoftpath.code.t
ex"
File: pgfsyssoftpath.code.tex 2008/01/23  (rcs-revision 1.6)
\pgfsyssoftpath@smallbuffer@items=\count107
\pgfsyssoftpath@bigbuffer@items=\count108
)
("C:\Program Files\MiKTeX 2.7\tex\generic\pgf\systemlayer\pgfsysprotocol.code.t
ex"
File: pgfsysprotocol.code.tex 2006/10/16  (rcs-revision 1.4)
)) ("C:\Program Files\MiKTeX 2.7\tex\latex\xcolor\xcolor.sty"
Package: xcolor 2007/01/21 v2.11 LaTeX color extensions (UK)

("C:\Program Files\MiKTeX 2.7\tex\latex\00miktex\color.cfg"
File: color.cfg 2007/01/18 v1.5 color configuration of teTeX/TeXLive
)
Package xcolor Info: Driver file: pdftex.def on input line 225.
Package xcolor Info: Model `cmy' substituted by `cmy0' on input line 1337.
Package xcolor Info: Model `hsb' substituted by `rgb' on input line 1341.
Package xcolor Info: Model `RGB' extended on input line 1353.
Package xcolor Info: Model `HTML' substituted by `rgb' on input line 1355.
Package xcolor Info: Model `Hsb' substituted by `hsb' on input line 1356.
Package xcolor Info: Model `tHsb' substituted by `hsb' on input line 1357.
Package xcolor Info: Model `HSB' substituted by `hsb' on input line 1358.
Package xcolor Info: Model `Gray' substituted by `gray' on input line 1359.
Package xcolor Info: Model `wave' substituted by `hsb' on input line 1360.
)
("C:\Program Files\MiKTeX 2.7\tex\generic\pgf\basiclayer\pgfcore.code.tex"
Package: pgfcore 2008/01/15 v2.00 (rcs-revision 1.6)

("C:\Program Files\MiKTeX 2.7\tex\generic\pgf\math\pgfmath.code.tex"
("C:\Program Files\MiKTeX 2.7\tex\generic\pgf\math\pgfmathcalc.code.tex"
("C:\Program Files\MiKTeX 2.7\tex\generic\pgf\math\pgfmathutil.code.tex"
\pgfmath@box=\box34
)
("C:\Program Files\MiKTeX 2.7\tex\generic\pgf\math\pgfmathparser.code.tex"
\pgfmath@stack=\toks18
\c@pgfmath@parsecounta=\count109
\c@pgfmath@parsecountb=\count110
\c@pgfmath@parsecountc=\count111
\pgfmath@parsex=\dimen129
)
("C:\Program Files\MiKTeX 2.7\tex\generic\pgf\math\pgfmathoperations.code.tex"
("C:\Program Files\MiKTeX 2.7\tex\generic\pgf\math\pgfmathtrig.code.tex")
("C:\Program Files\MiKTeX 2.7\tex\generic\pgf\math\pgfmathrnd.code.tex"))
("C:\Program Files\MiKTeX 2.7\tex\generic\pgf\math\pgfmathbase.code.tex")))
("C:\Program Files\MiKTeX 2.7\tex\generic\pgf\basiclayer\pgfcorepoints.code.tex
"
File: pgfcorepoints.code.tex 2008/02/03  (rcs-revision 1.13)
\pgf@picminx=\dimen130
\pgf@picmaxx=\dimen131
\pgf@picminy=\dimen132
\pgf@picmaxy=\dimen133
\pgf@pathminx=\dimen134
\pgf@pathmaxx=\dimen135
\pgf@pathminy=\dimen136
\pgf@pathmaxy=\dimen137
\pgf@xx=\dimen138
\pgf@xy=\dimen139
\pgf@yx=\dimen140
\pgf@yy=\dimen141
\pgf@zx=\dimen142
\pgf@zy=\dimen143
)
("C:\Program Files\MiKTeX 2.7\tex\generic\pgf\basiclayer\pgfcorepathconstruct.c
ode.tex"
File: pgfcorepathconstruct.code.tex 2008/02/13  (rcs-revision 1.14)
\pgf@path@lastx=\dimen144
\pgf@path@lasty=\dimen145
)
("C:\Program Files\MiKTeX 2.7\tex\generic\pgf\basiclayer\pgfcorepathusage.code.
tex"
File: pgfcorepathusage.code.tex 2008/01/23  (rcs-revision 1.11)
\pgf@shorten@end@additional=\dimen146
\pgf@shorten@start@additional=\dimen147
)
("C:\Program Files\MiKTeX 2.7\tex\generic\pgf\basiclayer\pgfcorescopes.code.tex
"
File: pgfcorescopes.code.tex 2008/01/15  (rcs-revision 1.26)
\pgfpic=\box35
\pgf@hbox=\box36
\pgf@layerbox@main=\box37
\pgf@picture@serial@count=\count112
)
("C:\Program Files\MiKTeX 2.7\tex\generic\pgf\basiclayer\pgfcoregraphicstate.co
de.tex"
File: pgfcoregraphicstate.code.tex 2007/12/12  (rcs-revision 1.8)
\pgflinewidth=\dimen148
)
("C:\Program Files\MiKTeX 2.7\tex\generic\pgf\basiclayer\pgfcoretransformations
.code.tex"
File: pgfcoretransformations.code.tex 2008/02/04  (rcs-revision 1.10)
\pgf@pt@x=\dimen149
\pgf@pt@y=\dimen150
\pgf@pt@temp=\dimen151
)
("C:\Program Files\MiKTeX 2.7\tex\generic\pgf\basiclayer\pgfcorequick.code.tex"
File: pgfcorequick.code.tex 2006/10/11  (rcs-revision 1.2)
)
("C:\Program Files\MiKTeX 2.7\tex\generic\pgf\basiclayer\pgfcoreobjects.code.te
x"
File: pgfcoreobjects.code.tex 2006/10/11  (rcs-revision 1.2)
)
("C:\Program Files\MiKTeX 2.7\tex\generic\pgf\basiclayer\pgfcorepathprocessing.
code.tex"
File: pgfcorepathprocessing.code.tex 2008/01/23  (rcs-revision 1.7)
)
("C:\Program Files\MiKTeX 2.7\tex\generic\pgf\basiclayer\pgfcorearrows.code.tex
"
File: pgfcorearrows.code.tex 2007/06/07  (rcs-revision 1.8)
)
("C:\Program Files\MiKTeX 2.7\tex\generic\pgf\basiclayer\pgfcoreshade.code.tex"
File: pgfcoreshade.code.tex 2007/12/10  (rcs-revision 1.9)
\pgf@max=\dimen152
\pgf@sys@shading@range@num=\count113
) ("C:\Program Files\MiKTeX 2.7\tex\generic\pgf\basiclayer\pgfcoreimage.code.te
x"
File: pgfcoreimage.code.tex 2008/01/15  (rcs-revision 1.1)
\pgfexternal@startupbox=\box38
)
("C:\Program Files\MiKTeX 2.7\tex\generic\pgf\basiclayer\pgfcorelayers.code.tex
"
File: pgfcorelayers.code.tex 2008/01/15  (rcs-revision 1.1)
)
("C:\Program Files\MiKTeX 2.7\tex\generic\pgf\basiclayer\pgfcoretransparency.co
de.tex"
File: pgfcoretransparency.code.tex 2008/01/17  (rcs-revision 1.2)
)
("C:\Program Files\MiKTeX 2.7\tex\generic\pgf\basiclayer\pgfcorepatterns.code.t
ex"
File: pgfcorepatterns.code.tex 2008/01/15  (rcs-revision 1.1)
))) ("C:\Program Files\MiKTeX 2.7\tex\latex\pgf\basiclayer\pgfbaseimage.sty"

Package pgf Warning: This package is obsolete and no longer needed on input lin
e 13.

) ("C:\Program Files\MiKTeX 2.7\tex\latex\pgf\utilities\xxcolor.sty"
Package: xxcolor 2003/10/24 ver 0.1
\XC@nummixins=\count114
\XC@countmixins=\count115
)
("C:\Program Files\MiKTeX 2.7\tex\latex\amsfonts\amssymb.sty"
Package: amssymb 2002/01/22 v2.2d

("C:\Program Files\MiKTeX 2.7\tex\latex\amsfonts\amsfonts.sty"
Package: amsfonts 2001/10/25 v2.2f
\@emptytoks=\toks19
\symAMSa=\mathgroup4
\symAMSb=\mathgroup5
LaTeX Font Info:    Overwriting math alphabet `\mathfrak' in version `bold'
(Font)                  U/euf/m/n --> U/euf/b/n on input line 132.
))
("C:\Program Files\MiKTeX 2.7\tex\latex\geometry\geometry.sty"
Package: geometry 2002/07/08 v3.2 Page Geometry
\Gm@cnth=\count116
\Gm@cntv=\count117
\c@Gm@tempcnt=\count118
\Gm@bindingoffset=\dimen153
\Gm@wd@mp=\dimen154
\Gm@odd@mp=\dimen155
\Gm@even@mp=\dimen156
\Gm@dimlist=\toks20

("C:\Program Files\MiKTeX 2.7\tex\latex\geometry\geometry.cfg"))
("C:\Program Files\MiKTeX 2.7\tex\latex\hyperref\hyperref.sty"
Package: hyperref 2008/01/09 v6.77i Hypertext links for LaTeX

("C:\Program Files\MiKTeX 2.7\tex\latex\oberdiek\hycolor.sty"
Package: hycolor 2007/04/11 v1.1 Code for color options of hyperref/bookmark (H
O)
)
\@linkdim=\dimen157
\Hy@linkcounter=\count119
\Hy@pagecounter=\count120

("C:\Program Files\MiKTeX 2.7\tex\latex\confproc\pd1enc.def"
File: pd1enc.def 1999/03/30 v0.3 PDFDocEncoding (Heiko Oberdiek)
)
("C:\Program Files\MiKTeX 2.7\tex\generic\oberdiek\etexcmds.sty"
Package: etexcmds 2007/12/12 v1.2 Prefix for e-TeX command names (HO)

("C:\Program Files\MiKTeX 2.7\tex\generic\oberdiek\infwarerr.sty"
Package: infwarerr 2007/09/09 v1.2 Providing info/warning/message (HO)
)
Package etexcmds Info: Could not find \expanded.
(etexcmds)             That can mean that you are not using pdfTeX 1.50 or
(etexcmds)             that some package has redefined \expanded.
(etexcmds)             In the latter case, load this package earlier.
)
("C:\Program Files\MiKTeX 2.7\tex\latex\00miktex\hyperref.cfg"
File: hyperref.cfg 2002/06/06 v1.2 hyperref configuration of TeXLive
)
("C:\Program Files\MiKTeX 2.7\tex\latex\oberdiek\kvoptions.sty"
Package: kvoptions 2007/10/18 v3.0 Keyval support for LaTeX options (HO)
)
Package hyperref Info: Option `bookmarks' set `true' on input line 2686.
Package hyperref Info: Option `bookmarksopen' set `true' on input line 2686.
Package hyperref Info: Option `implicit' set `false' on input line 2686.
Package hyperref Info: Hyper figures OFF on input line 2722.
Package hyperref Info: Link nesting OFF on input line 2727.
Package hyperref Info: Hyper index ON on input line 2730.
Package hyperref Info: Plain pages OFF on input line 2737.
Package hyperref Info: Backreferencing OFF on input line 2742.

Implicit mode OFF; no redefinition of LaTeX internals
Package hyperref Info: Bookmarks ON on input line 2898.
("C:\Program Files\MiKTeX 2.7\tex\latex\ltxmisc\url.sty"
\Urlmuskip=\muskip10
Package: url 2006/04/12  ver 3.3  Verb mode for urls, etc.
)
LaTeX Info: Redefining \url on input line 3068.

("C:\Program Files\MiKTeX 2.7\tex\generic\oberdiek\bitset.sty"
Package: bitset 2007/09/28 v1.0 Data type bit set (HO)

("C:\Program Files\MiKTeX 2.7\tex\generic\oberdiek\intcalc.sty"
Package: intcalc 2007/09/27 v1.1 Expandable integer calculations (HO)
)
("C:\Program Files\MiKTeX 2.7\tex\generic\oberdiek\bigintcalc.sty"
Package: bigintcalc 2007/11/11 v1.1 Expandable big integer calculations (HO)

("C:\Program Files\MiKTeX 2.7\tex\generic\oberdiek\pdftexcmds.sty"
Package: pdftexcmds 2007/12/12 v0.3 LuaTeX support for pdfTeX utility functions
 (HO)
Package pdftexcmds Info: LuaTeX not detected on input line 139.
)))
("C:\Program Files\MiKTeX 2.7\tex\generic\oberdiek\kvsetkeys.sty"
Package: kvsetkeys 2007/09/29 v1.3 Key value parser with default handler suppor
t (HO)
)
\Fld@menulength=\count121
\Field@Width=\dimen158
\Fld@charsize=\dimen159
\Field@toks=\toks21
Package hyperref Info: Hyper figures OFF on input line 3949.
Package hyperref Info: Link nesting OFF on input line 3954.
Package hyperref Info: Hyper index ON on input line 3957.
Package hyperref Info: backreferencing OFF on input line 3964.
Package hyperref Info: Link coloring OFF on input line 3969.

("C:\Program Files\MiKTeX 2.7\tex\generic\oberdiek\atbegshi.sty"
Package: atbegshi 2007/09/09 v1.6 At begin shipout hook (HO)

("C:\Program Files\MiKTeX 2.7\tex\generic\oberdiek\ifpdf.sty"
Package: ifpdf 2007/12/12 v1.6 Provides the ifpdf switch (HO)
Package ifpdf Info: pdfTeX in pdf mode detected.
))

Package hyperref Warning: Option `pdfpagelabels' is turned off
(hyperref)                because \thepage is undefined.

Hyperref stopped early
)
*hyperref using default driver hpdftex*
("C:\Program Files\MiKTeX 2.7\tex\latex\hyperref\hpdftex.def"
File: hpdftex.def 2008/01/09 v6.77i Hyperref driver for pdfTeX
\Fld@listcount=\count122
)
("C:\Program Files\MiKTeX 2.7\tex\latex\extsizes\size9.clo"
File: size9.clo 1999/11/11 v1.4a NON-Standard LaTeX file (size option)
)
("C:\Program Files\MiKTeX 2.7\tex\latex\beamer\base\beamerbasecompatibility.sty
"
Package: beamerbasecompatibility 2007/01/28  (rcs-revision 1.63)
) ("C:\Program Files\MiKTeX 2.7\tex\latex\beamer\base\beamerbasefont.sty"
Package: beamerbasefont 2007/01/28  (rcs-revision 1.16)
)
("C:\Program Files\MiKTeX 2.7\tex\latex\beamer\base\beamerbasemisc.sty"
Package: beamerbasemisc 2007/01/28  (rcs-revision 1.24)
)
("C:\Program Files\MiKTeX 2.7\tex\latex\beamer\base\beamerbasetwoscreens.sty"
Package: beamerbasetwoscreens 2007/01/28  (rcs-revision 1.7)
)
("C:\Program Files\MiKTeX 2.7\tex\latex\beamer\base\beamerbaseoverlay.sty"
Package: beamerbaseoverlay 2007/01/28  (rcs-revision 1.50)
\beamer@argscount=\count123
\beamer@lastskipcover=\skip42
\beamer@trivlistdepth=\count124
)
("C:\Program Files\MiKTeX 2.7\tex\latex\beamer\base\beamerbasetitle.sty"
Package: beamerbasetitle 2007/01/28  (rcs-revision 1.25)
)
("C:\Program Files\MiKTeX 2.7\tex\latex\beamer\base\beamerbasesection.sty"
Package: beamerbasesection 2007/01/28  (rcs-revision 1.21)
\c@lecture=\count125
\c@part=\count126
\c@section=\count127
\c@subsection=\count128
\c@subsubsection=\count129
)
("C:\Program Files\MiKTeX 2.7\tex\latex\beamer\base\beamerbaseframe.sty"
Package: beamerbaseframe 2007/01/28  (rcs-revision 1.60)
\beamer@framebox=\box39
\beamer@frametitlebox=\box40
\beamer@zoombox=\box41
\beamer@zoomcount=\count130
\beamer@zoomframecount=\count131
\beamer@frametextheight=\dimen160
\c@subsectionslide=\count132
\beamer@frametopskip=\skip43
\beamer@framebottomskip=\skip44
\beamer@frametopskipautobreak=\skip45
\beamer@framebottomskipautobreak=\skip46
\beamer@envbody=\toks22
\c@framenumber=\count133
)
("C:\Program Files\MiKTeX 2.7\tex\latex\beamer\base\beamerbaseverbatim.sty"
Package: beamerbaseverbatim 2007/01/28  (rcs-revision 1.8)
\beamer@verbatimfileout=\write3
)
("C:\Program Files\MiKTeX 2.7\tex\latex\beamer\base\beamerbaseframesize.sty"
Package: beamerbaseframesize 2007/01/28  (rcs-revision 1.18)
\beamer@splitbox=\box42
\beamer@autobreakcount=\count134
\beamer@autobreaklastheight=\dimen161
\beamer@frametitletoks=\toks23
\beamer@framesubtitletoks=\toks24
)
("C:\Program Files\MiKTeX 2.7\tex\latex\beamer\base\beamerbaseframecomponents.s
ty"
Package: beamerbaseframecomponents 2007/01/28  (rcs-revision 1.41)
\beamer@footins=\box43
) ("C:\Program Files\MiKTeX 2.7\tex\latex\beamer\base\beamerbasecolor.sty"
Package: beamerbasecolor 2007/01/28  (rcs-revision 1.42)
)
("C:\Program Files\MiKTeX 2.7\tex\latex\beamer\base\beamerbasenotes.sty"
Package: beamerbasenotes 2007/01/28  (rcs-revision 1.23)
\beamer@frameboxcopy=\box44
)
("C:\Program Files\MiKTeX 2.7\tex\latex\beamer\base\beamerbasetoc.sty"
Package: beamerbasetoc 2007/01/28  (rcs-revision 1.21)
)
("C:\Program Files\MiKTeX 2.7\tex\latex\beamer\base\beamerbasetemplates.sty"
Package: beamerbasetemplates 2007/01/28  (rcs-revision 1.51)
\beamer@sbttoks=\toks25

("C:\Program Files\MiKTeX 2.7\tex\latex\beamer\base\beamerbaseauxtemplates.sty"
Package: beamerbaseauxtemplates 2007/01/28  (rcs-revision 1.28)
("C:\Program Files\MiKTeX 2.7\tex\latex\beamer\base\beamerbaseboxes.sty"
Package: beamerbaseboxes 2007/03/11  (rcs-revision 1.32)
\bmb@box=\box45
\bmb@colorbox=\box46
\bmb@boxshadow=\box47
\bmb@boxshadowball=\box48
\bmb@boxshadowballlarge=\box49
\bmb@temp=\dimen162
\bmb@dima=\dimen163
\bmb@dimb=\dimen164
\bmb@prevheight=\dimen165
)
\beamer@blockheadheight=\dimen166
))
("C:\Program Files\MiKTeX 2.7\tex\latex\beamer\base\beamerbaselocalstructure.st
y"
Package: beamerbaselocalstructure 2007/01/28  (rcs-revision 1.53)
 ("C:\Program Files\MiKTeX 2.7\tex\latex\tools\enumerate.sty"
Package: enumerate 1999/03/05 v3.00 enumerate extensions (DPC)
\@enLab=\toks26
)
\c@figure=\count135
\c@table=\count136
\abovecaptionskip=\skip47
\belowcaptionskip=\skip48
)
("C:\Program Files\MiKTeX 2.7\tex\latex\beamer\base\beamerbasenavigation.sty"
Package: beamerbasenavigation 2007/01/28  (rcs-revision 1.36)
)
("C:\Program Files\MiKTeX 2.7\tex\latex\beamer\base\beamerbasetheorems.sty"
Package: beamerbasetheorems 2007/01/28  (rcs-revision 1.10)

("C:\Program Files\MiKTeX 2.7\tex\latex\translator\base\translator.sty"
Package: translator 2007/03/11 ver 1.00

("C:\Program Files\MiKTeX 2.7\tex\latex\translator\base\translator-language-map
pings.tex")) ("C:\Program Files\MiKTeX 2.7\tex\latex\amsmath\amsmath.sty"
Package: amsmath 2000/07/18 v2.13 AMS math features
\@mathmargin=\skip49

For additional information on amsmath, use the `?' option.
("C:\Program Files\MiKTeX 2.7\tex\latex\amsmath\amstext.sty"
Package: amstext 2000/06/29 v2.01

("C:\Program Files\MiKTeX 2.7\tex\latex\amsmath\amsgen.sty"
File: amsgen.sty 1999/11/30 v2.0
\@emptytoks=\toks27
\ex@=\dimen167
))
("C:\Program Files\MiKTeX 2.7\tex\latex\amsmath\amsbsy.sty"
Package: amsbsy 1999/11/29 v1.2d
\pmbraise@=\dimen168
)
("C:\Program Files\MiKTeX 2.7\tex\latex\amsmath\amsopn.sty"
Package: amsopn 1999/12/14 v2.01 operator names
)
\inf@bad=\count137
LaTeX Info: Redefining \frac on input line 211.
\uproot@=\count138
\leftroot@=\count139
LaTeX Info: Redefining \overline on input line 307.
\classnum@=\count140
\DOTSCASE@=\count141
LaTeX Info: Redefining \ldots on input line 379.
LaTeX Info: Redefining \dots on input line 382.
LaTeX Info: Redefining \cdots on input line 467.
\Mathstrutbox@=\box50
\strutbox@=\box51
\big@size=\dimen169
LaTeX Font Info:    Redeclaring font encoding OML on input line 567.
LaTeX Font Info:    Redeclaring font encoding OMS on input line 568.
\macc@depth=\count142
\c@MaxMatrixCols=\count143
\dotsspace@=\muskip11
\c@parentequation=\count144
\dspbrk@lvl=\count145
\tag@help=\toks28
\row@=\count146
\column@=\count147
\maxfields@=\count148
\andhelp@=\toks29
\eqnshift@=\dimen170
\alignsep@=\dimen171
\tagshift@=\dimen172
\tagwidth@=\dimen173
\totwidth@=\dimen174
\lineht@=\dimen175
\@envbody=\toks30
\multlinegap=\skip50
\multlinetaggap=\skip51
\mathdisplay@stack=\toks31
LaTeX Info: Redefining \[ on input line 2666.
LaTeX Info: Redefining \] on input line 2667.
)
("C:\Program Files\MiKTeX 2.7\tex\latex\amscls\amsthm.sty"
Package: amsthm 2004/08/06 v2.20
\thm@style=\toks32
\thm@bodyfont=\toks33
\thm@headfont=\toks34
\thm@notefont=\toks35
\thm@headpunct=\toks36
\thm@preskip=\skip52
\thm@postskip=\skip53
\thm@headsep=\skip54
\dth@everypar=\toks37
)
\c@theorem=\count149
)
("C:\Program Files\MiKTeX 2.7\tex\latex\beamer\base\beamerbasethemes.sty"
Package: beamerbasethemes 2007/01/28  (rcs-revision 1.10)
)
("C:\Program Files\MiKTeX 2.7\tex\latex\beamer\themes\theme\beamerthemedefault.
sty"
Package: beamerthemedefault 2007/01/28  (rcs-revision 1.7)

("C:\Program Files\MiKTeX 2.7\tex\latex\beamer\themes\font\beamerfontthemedefau
lt.sty"
Package: beamerfontthemedefault 2007/01/28  (rcs-revision 1.13)
)
("C:\Program Files\MiKTeX 2.7\tex\latex\beamer\themes\color\beamercolorthemedef
ault.sty"
Package: beamercolorthemedefault 2007/01/28  (rcs-revision 1.28)
)
("C:\Program Files\MiKTeX 2.7\tex\latex\beamer\themes\inner\beamerinnerthemedef
ault.sty"
Package: beamerinnerthemedefault 2007/01/28  (rcs-revision 1.20)
\beamer@dima=\dimen176
\beamer@dimb=\dimen177
)
("C:\Program Files\MiKTeX 2.7\tex\latex\beamer\themes\outer\beamerouterthemedef
ault.sty"
Package: beamerouterthemedefault 2007/01/28  (rcs-revision 1.14)
))) ("C:\Program Files\MiKTeX 2.7\tex\latex\colortbl\colortbl.sty"
Package: colortbl 2001/02/13 v0.1j Color table columns (DPC)

("C:\Program Files\MiKTeX 2.7\tex\latex\tools\array.sty"
Package: array 2005/08/23 v2.4b Tabular extension package (FMi)
\col@sep=\dimen178
\extrarowheight=\dimen179
\NC@list=\toks38
\extratabsurround=\skip55
\backup@length=\skip56
)
\everycr=\toks39
\minrowclearance=\skip57
)
("C:\Program Files\MiKTeX 2.7\tex\latex\graphics\epsfig.sty"
Package: epsfig 1999/02/16 v1.7a (e)psfig emulation (SPQR)
\epsfxsize=\dimen180
\epsfysize=\dimen181
)
("C:\Program Files\MiKTeX 2.7\tex\generic\babel\babel.sty"
Package: babel 2005/11/23 v3.8h The Babel package

*************************************
* Local config file bblopts.cfg used
*
("C:\Program Files\MiKTeX 2.7\tex\latex\00miktex\bblopts.cfg"
File: bblopts.cfg 2006/07/31 v1.0 MiKTeX 'babel' configuration
)
("C:\Program Files\MiKTeX 2.7\tex\generic\babel\english.ldf"
Language: english 2005/03/30 v3.3o English support from the babel system

("C:\Program Files\MiKTeX 2.7\tex\generic\babel\babel.def"
File: babel.def 2005/11/23 v3.8h Babel common definitions
LaTeX Info: Redefining \textlatin on input line 82.
\babel@savecnt=\count150
\U@D=\dimen182
)
\l@british = a dialect from \language\l@english 
\l@UKenglish = a dialect from \language\l@english 
\l@canadian = a dialect from \language\l@american 
\l@australian = a dialect from \language\l@british 
\l@newzealand = a dialect from \language\l@british 
))
("C:\Program Files\MiKTeX 2.7\tex\latex\beamer\themes\theme\compatibility\beame
rthemesplit.sty"
Package: beamerthemesplit 2007/01/28  (rcs-revision 1.9)

("C:\Program Files\MiKTeX 2.7\tex\latex\beamer\themes\color\beamercolorthemewha
le.sty"
Package: beamercolorthemewhale 2007/01/28  (rcs-revision 1.4)
)
("C:\Program Files\MiKTeX 2.7\tex\latex\beamer\themes\outer\beamerouterthemespl
it.sty"
Package: beamerouterthemesplit 2007/01/28  (rcs-revision 1.5)
)
("C:\Program Files\MiKTeX 2.7\tex\latex\beamer\themes\font\beamerfontthemestruc
turebold.sty"
Package: beamerfontthemestructurebold 2007/01/28  (rcs-revision 1.3)
)) ("C:\Program Files\MiKTeX 2.7\tex\latex\base\latexsym.sty"
Package: latexsym 1998/08/17 v2.2e Standard LaTeX package (lasy symbols)
\symlasy=\mathgroup6
LaTeX Font Info:    Overwriting symbol font `lasy' in version `bold'
(Font)                  U/lasy/m/n --> U/lasy/b/n on input line 47.
)
("C:\Program Files\MiKTeX 2.7\tex\latex\beamer\themes\theme\beamerthemeFrankfur
t.sty"
Package: beamerthemeFrankfurt 2007/01/28  (rcs-revision 1.9)

("C:\Program Files\MiKTeX 2.7\tex\latex\beamer\themes\outer\beamerouterthemesmo
othbars.sty"
Package: beamerouterthemesmoothbars 2007/01/28  (rcs-revision 1.6)
)
("C:\Program Files\MiKTeX 2.7\tex\latex\beamer\themes\inner\beamerinnerthemerou
nded.sty"
Package: beamerinnerthemerounded 2007/01/28  (rcs-revision 1.5)
)
("C:\Program Files\MiKTeX 2.7\tex\latex\beamer\themes\color\beamercolorthemeorc
hid.sty"
Package: beamercolorthemeorchid 2007/01/28  (rcs-revision 1.3)
))
("C:\Program Files\MiKTeX 2.7\tex\latex\beamer\themes\color\beamercolorthemeros
e.sty"
Package: beamercolorthemerose 2007/01/28  (rcs-revision 1.3)
) ("C:\Program Files\MiKTeX 2.7\tex\latex\psnfss\times.sty"
Package: times 2005/04/12 PSNFSS-v9.2a (SPQR) 
)
("C:\Program Files\MiKTeX 2.7\tex\latex\base\fontenc.sty"
Package: fontenc 2005/09/27 v1.99g Standard LaTeX package

("C:\Program Files\MiKTeX 2.7\tex\latex\base\t1enc.def"
File: t1enc.def 2005/09/27 v1.99g Standard LaTeX file
LaTeX Font Info:    Redeclaring font encoding T1 on input line 43.
)) (Presentation.aux)
LaTeX Font Info:    Checking defaults for OML/cmm/m/it on input line 40.
LaTeX Font Info:    ... okay on input line 40.
LaTeX Font Info:    Checking defaults for T1/cmr/m/n on input line 40.
LaTeX Font Info:    ... okay on input line 40.
LaTeX Font Info:    Checking defaults for OT1/cmr/m/n on input line 40.
LaTeX Font Info:    ... okay on input line 40.
LaTeX Font Info:    Checking defaults for OMS/cmsy/m/n on input line 40.
LaTeX Font Info:    ... okay on input line 40.
LaTeX Font Info:    Checking defaults for OMX/cmex/m/n on input line 40.
LaTeX Font Info:    ... okay on input line 40.
LaTeX Font Info:    Checking defaults for U/cmr/m/n on input line 40.
LaTeX Font Info:    ... okay on input line 40.
LaTeX Font Info:    Checking defaults for PD1/pdf/m/n on input line 40.
LaTeX Font Info:    ... okay on input line 40.
LaTeX Font Info:    Try loading font information for T1+phv on input line 40.

("C:\Program Files\MiKTeX 2.7\tex\latex\psnfss\t1phv.fd"
File: t1phv.fd 2001/06/04 scalable font definitions for T1/phv.
)
("C:\Program Files\MiKTeX 2.7\tex\context\base\supp-pdf.tex"
[Loading MPS to PDF converter (version 2006.09.02).]
\scratchcounter=\count151
\scratchdimen=\dimen183
\scratchbox=\box52
\nofMPsegments=\count152
\nofMParguments=\count153
\everyMPshowfont=\toks40
\MPscratchCnt=\count154
\MPscratchDim=\dimen184
\MPnumerator=\count155
\everyMPtoPDFconversion=\toks41
)
-------------------- Geometry parameters
paper: user defined
landscape: --
twocolumn: --
twoside: --
asymmetric: --
h-parts: 28.45274pt, 307.28987pt, 28.45274pt
v-parts: 0.0pt, 273.14662pt, 0.0pt
hmarginratio: --
vmarginratio: --
lines: --
heightrounded: --
bindingoffset: 0.0pt
truedimen: --
includehead: true
includefoot: true
includemp: --
driver: pdftex
-------------------- Page layout dimensions and switches
\paperwidth  364.19536pt
\paperheight 273.14662pt
\textwidth  307.28987pt
\textheight 244.6939pt
\oddsidemargin  -43.81725pt
\evensidemargin -43.81725pt
\topmargin  -72.26999pt
\headheight 14.22636pt
\headsep    0.0pt
\footskip   14.22636pt
\marginparwidth 4.0pt
\marginparsep   10.0pt
\columnsep  10.0pt
\skip\footins  8.0pt plus 4.0pt minus 2.0pt
\hoffset 0.0pt
\voffset 0.0pt
\mag 1000

(1in=72.27pt, 1cm=28.45pt)
-----------------------
Package hyperref Info: Link coloring OFF on input line 40.
 ("C:\Program Files\MiKTeX 2.7\tex\latex\hyperref\nameref.sty"
Package: nameref 2007/05/29 v2.31 Cross-referencing by name of section

("C:\Program Files\MiKTeX 2.7\tex\latex\oberdiek\refcount.sty"
Package: refcount 2006/02/20 v3.0 Data extraction from references (HO)
)
\c@section@level=\count156
)
LaTeX Info: Redefining \ref on input line 40.
LaTeX Info: Redefining \pageref on input line 40.

(Presentation.out) (Presentation.out)
\@outlinefile=\write4
\AtBeginShipoutBox=\box53
LaTeX Font Info:    Overwriting symbol font `operators' in version `normal'
(Font)                  OT1/cmr/m/n --> OT1/cmss/m/n on input line 40.
LaTeX Font Info:    Overwriting symbol font `operators' in version `bold'
(Font)                  OT1/cmr/bx/n --> OT1/cmss/bx/n on input line 40.
\symnumbers=\mathgroup7
\sympureletters=\mathgroup8
LaTeX Font Info:    Overwriting math alphabet `\mathrm' in version `normal'
(Font)                  OT1/cmss/m/n --> T1/ptm/m/n on input line 40.
LaTeX Font Info:    Redeclaring math alphabet \mathbf on input line 40.
LaTeX Font Info:    Overwriting math alphabet `\mathbf' in version `normal'
(Font)                  OT1/cmr/bx/n --> T1/phv/bx/n on input line 40.
LaTeX Font Info:    Overwriting math alphabet `\mathbf' in version `bold'
(Font)                  OT1/cmr/bx/n --> T1/phv/bx/n on input line 40.
LaTeX Font Info:    Redeclaring math alphabet \mathsf on input line 40.
LaTeX Font Info:    Overwriting math alphabet `\mathsf' in version `normal'
(Font)                  OT1/cmss/m/n --> T1/phv/m/n on input line 40.
LaTeX Font Info:    Overwriting math alphabet `\mathsf' in version `bold'
(Font)                  OT1/cmss/bx/n --> T1/phv/m/n on input line 40.
LaTeX Font Info:    Redeclaring math alphabet \mathit on input line 40.
LaTeX Font Info:    Overwriting math alphabet `\mathit' in version `normal'
(Font)                  OT1/cmr/m/it --> T1/phv/m/it on input line 40.
LaTeX Font Info:    Overwriting math alphabet `\mathit' in version `bold'
(Font)                  OT1/cmr/bx/it --> T1/phv/m/it on input line 40.
LaTeX Font Info:    Redeclaring math alphabet \mathtt on input line 40.
LaTeX Font Info:    Overwriting math alphabet `\mathtt' in version `normal'
(Font)                  OT1/cmtt/m/n --> T1/pcr/m/n on input line 40.
LaTeX Font Info:    Overwriting math alphabet `\mathtt' in version `bold'
(Font)                  OT1/cmtt/m/n --> T1/pcr/m/n on input line 40.
LaTeX Font Info:    Overwriting symbol font `numbers' in version `bold'
(Font)                  T1/phv/m/n --> T1/phv/bx/n on input line 40.
LaTeX Font Info:    Overwriting symbol font `pureletters' in version `bold'
(Font)                  T1/phv/m/it --> T1/phv/bx/it on input line 40.
LaTeX Font Info:    Overwriting math alphabet `\mathrm' in version `bold'
(Font)                  OT1/cmss/bx/n --> T1/ptm/bx/n on input line 40.
LaTeX Font Info:    Overwriting math alphabet `\mathbf' in version `bold'
(Font)                  T1/phv/bx/n --> T1/phv/bx/n on input line 40.
LaTeX Font Info:    Overwriting math alphabet `\mathsf' in version `bold'
(Font)                  T1/phv/m/n --> T1/phv/bx/n on input line 40.
LaTeX Font Info:    Overwriting math alphabet `\mathit' in version `bold'
(Font)                  T1/phv/m/it --> T1/phv/bx/it on input line 40.
LaTeX Font Info:    Overwriting math alphabet `\mathtt' in version `bold'
(Font)                  T1/pcr/m/n --> T1/pcr/bx/n on input line 40.

("C:\Program Files\MiKTeX 2.7\tex\latex\translator\dicts\theorem\translator-the
orem-dictionary-English.dict"
Dictionary: translator-theorem-dictionary, Language: English 
)
LaTeX Font Info:    Font shape `T1/phv/bx/n' in size <5> not available
(Font)              Font shape `T1/phv/b/n' tried instead on input line 40.
 (Presentation.nav)
Overfull \hbox (7.4943pt too wide) detected at line 40
  [] [][][][][][] [][][][][][][] [][][][][][][][] [][][][][][][][][][][][] [][]
[][][][][][][][][][][][][][][][][][][][] [][][][]  
 []

LaTeX Font Info:    Font shape `T1/phv/bx/n' in size <4> not available
(Font)              Font shape `T1/phv/b/n' tried instead on input line 43.

Overfull \hbox (7.4943pt too wide) has occurred while \output is active
  [] [][][][][][] [][][][][][][] [][][][][][][][] [][][][][][][][][][][][] [][]
[][][][][][][][][][][][][][][][][][][][] [][][][]  
 []

[1{C:/ProgramData/MiKTeX/2.7/pdftex/config/pdftex.map}

]
Overfull \hbox (7.4943pt too wide) has occurred while \output is active
  [] [][][][][][] [][][][][][][] [][][][][][][][] [][][][][][][][][][][][] [][]
[][][][][][][][][][][][][][][][][][][][] [][][][]  
 []

[2

]
Overfull \hbox (7.4943pt too wide) has occurred while \output is active
  [] [][][][][][] [][][][][][][] [][][][][][][][] [][][][][][][][][][][][] [][]
[][][][][][][][][][][][][][][][][][][][] [][][][]  
 []

[3

]
LaTeX Font Info:    Font shape `T1/phv/bx/n' in size <10.95> not available
(Font)              Font shape `T1/phv/b/n' tried instead on input line 111.
 <eTourPlan.jpg, id=509, 469.755pt x 213.79875pt>
File: eTourPlan.jpg Graphic file (type jpg)
 <use eTourPlan.jpg>
Overfull \hbox (7.4943pt too wide) has occurred while \output is active
  [] [][][][][][] [][][][][][][] [][][][][][][][] [][][][][][][][][][][][] [][]
[][][][][][][][][][][][][][][][][][][][] [][][][]  
 []

[4

 <eTourPlan.jpg>]
Overfull \hbox (7.4943pt too wide) has occurred while \output is active
  [] [][][][][][] [][][][][][][] [][][][][][][][] [][][][][][][][][][][][] [][]
[][][][][][][][][][][][][][][][][][][][] [][][][]  
 []

[5

]
Overfull \hbox (7.4943pt too wide) has occurred while \output is active
  [] [][][][][][] [][][][][][][] [][][][][][][][] [][][][][][][][][][][][] [][]
[][][][][][][][][][][][][][][][][][][][] [][][][]  
 []

[6

]
Overfull \hbox (7.4943pt too wide) has occurred while \output is active
  [] [][][][][][] [][][][][][][] [][][][][][][][] [][][][][][][][][][][][] [][]
[][][][][][][][][][][][][][][][][][][][] [][][][]  
 []

[7

]
Overfull \hbox (7.4943pt too wide) has occurred while \output is active
  [] [][][][][][] [][][][][][][] [][][][][][][][] [][][][][][][][][][][][] [][]
[][][][][][][][][][][][][][][][][][][][] [][][][]  
 []

[8

]
Overfull \hbox (7.4943pt too wide) has occurred while \output is active
  [] [][][][][][] [][][][][][][] [][][][][][][][] [][][][][][][][][][][][] [][]
[][][][][][][][][][][][][][][][][][][][] [][][][]  
 []

[9

]
LaTeX Font Info:    Font shape `T1/phv/bx/n' in size <9> not available
(Font)              Font shape `T1/phv/b/n' tried instead on input line 182.

Overfull \hbox (7.4943pt too wide) has occurred while \output is active
  [] [][][][][][] [][][][][][][] [][][][][][][][] [][][][][][][][][][][][] [][]
[][][][][][][][][][][][][][][][][][][][] [][][][]  
 []

[10

]
Overfull \hbox (7.4943pt too wide) has occurred while \output is active
  [] [][][][][][] [][][][][][][] [][][][][][][][] [][][][][][][][][][][][] [][]
[][][][][][][][][][][][][][][][][][][][] [][][][]  
 []

[11

]
Overfull \hbox (7.4943pt too wide) has occurred while \output is active
  [] [][][][][][] [][][][][][][] [][][][][][][][] [][][][][][][][][][][][] [][]
[][][][][][][][][][][][][][][][][][][][] [][][][]  
 []

[12

]
Overfull \hbox (7.4943pt too wide) has occurred while \output is active
  [] [][][][][][] [][][][][][][] [][][][][][][][] [][][][][][][][][][][][] [][]
[][][][][][][][][][][][][][][][][][][][] [][][][]  
 []

[13

]
Overfull \hbox (7.4943pt too wide) has occurred while \output is active
  [] [][][][][][] [][][][][][][] [][][][][][][][] [][][][][][][][][][][][] [][]
[][][][][][][][][][][][][][][][][][][][] [][][][]  
 []

[14

]
LaTeX Font Info:    Font shape `T1/phv/bx/n' in size <12> not available
(Font)              Font shape `T1/phv/b/n' tried instead on input line 197.

Overfull \hbox (7.4943pt too wide) has occurred while \output is active
  [] [][][][][][] [][][][][][][] [][][][][][][][] [][][][][][][][][][][][] [][]
[][][][][][][][][][][][][][][][][][][][] [][][][]  
 []

[15

]
LaTeX Font Info:    Try loading font information for U+msa on input line 241.
 ("C:\Program Files\MiKTeX 2.7\tex\latex\amsfonts\umsa.fd"
File: umsa.fd 2002/01/19 v2.2g AMS font definitions
)
LaTeX Font Info:    Try loading font information for U+msb on input line 241.

("C:\Program Files\MiKTeX 2.7\tex\latex\amsfonts\umsb.fd"
File: umsb.fd 2002/01/19 v2.2g AMS font definitions
)
LaTeX Font Info:    Try loading font information for U+lasy on input line 241.

("C:\Program Files\MiKTeX 2.7\tex\latex\base\ulasy.fd"
File: ulasy.fd 1998/08/17 v2.2e LaTeX symbol font definitions
)
LaTeX Font Info:    Font shape `T1/phv/m/it' in size <8> not available
(Font)              Font shape `T1/phv/m/sl' tried instead on input line 241.
LaTeX Font Info:    Font shape `T1/phv/m/it' in size <6> not available
(Font)              Font shape `T1/phv/m/sl' tried instead on input line 241.
LaTeX Font Info:    Font shape `T1/phv/m/it' in size <5> not available
(Font)              Font shape `T1/phv/m/sl' tried instead on input line 241.

Overfull \hbox (9.87541pt too wide) in paragraph at lines 241--241
 [] 
 []


Overfull \hbox (7.4943pt too wide) has occurred while \output is active
  [] [][][][][][] [][][][][][][] [][][][][][][][] [][][][][][][][][][][][] [][]
[][][][][][][][][][][][][][][][][][][][] [][][][]  
 []

[16

]
LaTeX Font Info:    Font shape `T1/phv/bx/n' in size <10> not available
(Font)              Font shape `T1/phv/b/n' tried instead on input line 262.

Overfull \hbox (7.4943pt too wide) has occurred while \output is active
  [] [][][][][][] [][][][][][][] [][][][][][][][] [][][][][][][][][][][][] [][]
[][][][][][][][][][][][][][][][][][][][] [][][][]  
 []

[17

]
Overfull \hbox (7.4943pt too wide) has occurred while \output is active
  [] [][][][][][] [][][][][][][] [][][][][][][][] [][][][][][][][][][][][] [][]
[][][][][][][][][][][][][][][][][][][][] [][][][]  
 []

[18

]
Overfull \hbox (7.4943pt too wide) has occurred while \output is active
  [] [][][][][][] [][][][][][][] [][][][][][][][] [][][][][][][][][][][][] [][]
[][][][][][][][][][][][][][][][][][][][] [][][][]  
 []

[19

]
Overfull \hbox (7.4943pt too wide) has occurred while \output is active
  [] [][][][][][] [][][][][][][] [][][][][][][][] [][][][][][][][][][][][] [][]
[][][][][][][][][][][][][][][][][][][][] [][][][]  
 []

[20

]
Overfull \hbox (7.4943pt too wide) has occurred while \output is active
  [] [][][][][][] [][][][][][][] [][][][][][][][] [][][][][][][][][][][][] [][]
[][][][][][][][][][][][][][][][][][][][] [][][][]  
 []

[21

] <architecture.jpg, id=2036, 428.35031pt x 365.86688pt>
File: architecture.jpg Graphic file (type jpg)

<use architecture.jpg>
Overfull \hbox (7.4943pt too wide) has occurred while \output is active
  [] [][][][][][] [][][][][][][] [][][][][][][][] [][][][][][][][][][][][] [][]
[][][][][][][][][][][][][][][][][][][][] [][][][]  
 []

[22

 <architecture.jpg>]
Overfull \hbox (7.4943pt too wide) has occurred while \output is active
  [] [][][][][][] [][][][][][][] [][][][][][][][] [][][][][][][][][][][][] [][]
[][][][][][][][][][][][][][][][][][][][] [][][][]  
 []

[23

]
LaTeX Font Info:    Font shape `T1/phv/m/it' in size <9> not available
(Font)              Font shape `T1/phv/m/sl' tried instead on input line 455.

Overfull \hbox (7.4943pt too wide) has occurred while \output is active
  [] [][][][][][] [][][][][][][] [][][][][][][][] [][][][][][][][][][][][] [][]
[][][][][][][][][][][][][][][][][][][][] [][][][]  
 []

[24

]

pdfTeX warning:  (file Provinces.pdf): PDF inclusion: found PDF version <1.6>, 
but at most version <1.4> allowed
<Provinces.pdf, id=2290, 434.01065pt x 255.24059pt>
File: Provinces.pdf Graphic file (type pdf)
 <use Provinces.pdf>
Overfull \hbox (7.4943pt too wide) has occurred while \output is active
  [] [][][][][][] [][][][][][][] [][][][][][][][] [][][][][][][][][][][][] [][]
[][][][][][][][][][][][][][][][][][][][] [][][][]  
 []

[25

 <Provinces.pdf>] <Events.jpg, id=2386, 504.38437pt x 289.83281pt>
File: Events.jpg Graphic file (type jpg)

<use Events.jpg>
Overfull \hbox (7.4943pt too wide) has occurred while \output is active
  [] [][][][][][] [][][][][][][] [][][][][][][][] [][][][][][][][][][][][] [][]
[][][][][][][][][][][][][][][][][][][][] [][][][]  
 []

[26

 <Events.jpg>] <Attractions.jpg, id=2471, 566.86781pt x 336.50719pt>
File: Attractions.jpg Graphic file (type jpg)

<use Attractions.jpg>
Overfull \hbox (7.4943pt too wide) has occurred while \output is active
  [] [][][][][][] [][][][][][][] [][][][][][][][] [][][][][][][][][][][][] [][]
[][][][][][][][][][][][][][][][][][][][] [][][][]  
 []

[27

 <Attractions.jpg>]
LaTeX Font Info:    Font shape `T1/phv/bx/n' in size <6> not available
(Font)              Font shape `T1/phv/b/n' tried instead on input line 525.

Overfull \hbox (7.4943pt too wide) has occurred while \output is active
  [] [][][][][][] [][][][][][][] [][][][][][][][] [][][][][][][][][][][][] [][]
[][][][][][][][][][][][][][][][][][][][] [][][][]  
 []

[28

]
Overfull \hbox (7.4943pt too wide) has occurred while \output is active
  [] [][][][][][] [][][][][][][] [][][][][][][][] [][][][][][][][][][][][] [][]
[][][][][][][][][][][][][][][][][][][][] [][][][]  
 []

[29

]
Overfull \hbox (7.4943pt too wide) has occurred while \output is active
  [] [][][][][][] [][][][][][][] [][][][][][][][] [][][][][][][][][][][][] [][]
[][][][][][][][][][][][][][][][][][][][] [][][][]  
 []

[30

]
Overfull \hbox (7.4943pt too wide) has occurred while \output is active
  [] [][][][][][] [][][][][][][] [][][][][][][][] [][][][][][][][][][][][] [][]
[][][][][][][][][][][][][][][][][][][][] [][][][]  
 []

[31

] <partonomy.jpg, id=2897, 509.65407pt x 344.78813pt>
File: partonomy.jpg Graphic file (type jpg)
 <use partonomy.jpg>
Overfull \hbox (7.4943pt too wide) has occurred while \output is active
  [] [][][][][][] [][][][][][][] [][][][][][][][] [][][][][][][][][][][][] [][]
[][][][][][][][][][][][][][][][][][][][] [][][][]  
 []

[32

 <partonomy.jpg>] <Bhutan.jpg, id=2982, 640.64343pt x 395.97937pt>
File: Bhutan.jpg Graphic file (type jpg)

<use Bhutan.jpg>
Overfull \hbox (7.4943pt too wide) has occurred while \output is active
  [] [][][][][][] [][][][][][][] [][][][][][][][] [][][][][][][][][][][][] [][]
[][][][][][][][][][][][][][][][][][][][] [][][][]  
 []

[33

 <Bhutan.jpg>]
LaTeX Font Info:    Font shape `T1/phv/m/it' in size <7> not available
(Font)              Font shape `T1/phv/m/sl' tried instead on input line 664.

Overfull \hbox (7.43015pt too wide) in paragraph at lines 664--664
 [][] 
 []


Overfull \hbox (7.4943pt too wide) has occurred while \output is active
  [] [][][][][][] [][][][][][][] [][][][][][][][] [][][][][][][][][][][][] [][]
[][][][][][][][][][][][][][][][][][][][] [][][][]  
 []

[34

]
LaTeX Font Info:    Font shape `T1/phv/bx/n' in size <7> not available
(Font)              Font shape `T1/phv/b/n' tried instead on input line 696.

Overfull \hbox (7.4943pt too wide) has occurred while \output is active
  [] [][][][][][] [][][][][][][] [][][][][][][][] [][][][][][][][][][][][] [][]
[][][][][][][][][][][][][][][][][][][][] [][][][]  
 []

[35

]
Overfull \hbox (7.4943pt too wide) has occurred while \output is active
  [] [][][][][][] [][][][][][][] [][][][][][][][] [][][][][][][][][][][][] [][]
[][][][][][][][][][][][][][][][][][][][] [][][][]  
 []

[36

] <graph1.jpg, id=3319, 392.21532pt x 220.57407pt>
File: graph1.jpg Graphic file (type jpg)
 <use graph1.jpg>
Overfull \hbox (7.4943pt too wide) has occurred while \output is active
  [] [][][][][][] [][][][][][][] [][][][][][][][] [][][][][][][][][][][][] [][]
[][][][][][][][][][][][][][][][][][][][] [][][][]  
 []

[37

 <graph1.jpg>]
Overfull \hbox (7.4943pt too wide) has occurred while \output is active
  [] [][][][][][] [][][][][][][] [][][][][][][][] [][][][][][][][][][][][] [][]
[][][][][][][][][][][][][][][][][][][][] [][][][]  
 []

[38

]

pdfTeX warning:  (file eTourPlanA.pdf): PDF inclusion: found PDF version <1.6>,
 but at most version <1.4> allowed
<eTourPlanA.pdf, id=3490, 379.42062pt x 592.2908pt>
File: eTourPlanA.pdf Graphic file (type pdf)
 <use eTourPlanA.pdf>
Overfull \hbox (35.2824pt too wide) detected at line 840
[][][] $[]$[][][][][][][][] $[]$[][][][][][] 
 []


Overfull \hbox (7.4943pt too wide) has occurred while \output is active
  [] [][][][][][] [][][][][][][] [][][][][][][][] [][][][][][][][][][][][] [][]
[][][][][][][][][][][][][][][][][][][][] [][][][]  
 []

[39

 <eTourPlanA.pdf>]
File: eTourPlanA.pdf Graphic file (type pdf)
 <use eTourPlanA.pdf>
Overfull \hbox (35.2824pt too wide) detected at line 840
[][][] $[]$[][][][][][][][] $[]$[][][][][][] 
 []


Overfull \hbox (7.4943pt too wide) has occurred while \output is active
  [] [][][][][][] [][][][][][][] [][][][][][][][] [][][][][][][][][][][][] [][]
[][][][][][][][][][][][][][][][][][][][] [][][][]  
 []

[40

]
File: eTourPlanA.pdf Graphic file (type pdf)
 <use eTourPlanA.pdf>
Overfull \hbox (35.2824pt too wide) detected at line 840
[][][] $[]$[][][][][][][][] $[]$[][][][][][] 
 []


Overfull \hbox (7.4943pt too wide) has occurred while \output is active
  [] [][][][][][] [][][][][][][] [][][][][][][][] [][][][][][][][][][][][] [][]
[][][][][][][][][][][][][][][][][][][][] [][][][]  
 []

[41

]
File: eTourPlanA.pdf Graphic file (type pdf)
 <use eTourPlanA.pdf>
Overfull \hbox (35.2824pt too wide) detected at line 840
[][][] $[]$[][][][][][][][] $[]$[][][][][][] 
 []


Overfull \hbox (7.4943pt too wide) has occurred while \output is active
  [] [][][][][][] [][][][][][][] [][][][][][][][] [][][][][][][][][][][][] [][]
[][][][][][][][][][][][][][][][][][][][] [][][][]  
 []

[42

]

pdfTeX warning:  (file eTourPlanE.pdf): PDF inclusion: found PDF version <1.6>,
 but at most version <1.4> allowed
<eTourPlanE.pdf, id=3837, 413.91206pt x 689.85286pt>
File: eTourPlanE.pdf Graphic file (type pdf)
 <use eTourPlanE.pdf>
Overfull \hbox (35.2824pt too wide) detected at line 879
[][][] $[]$[][][][][][][][] $[]$[][][][][][] 
 []


Overfull \vbox (0.41458pt too high) detected at line 879
 []


Overfull \hbox (7.4943pt too wide) has occurred while \output is active
  [] [][][][][][] [][][][][][][] [][][][][][][][] [][][][][][][][][][][][] [][]
[][][][][][][][][][][][][][][][][][][][] [][][][]  
 []

[43

 <eTourPlanE.pdf>]
File: eTourPlanE.pdf Graphic file (type pdf)
 <use eTourPlanE.pdf>
Overfull \hbox (35.2824pt too wide) detected at line 879
[][][] $[]$[][][][][][][][] $[]$[][][][][][] 
 []


Overfull \vbox (0.41458pt too high) detected at line 879
 []


Overfull \hbox (7.4943pt too wide) has occurred while \output is active
  [] [][][][][][] [][][][][][][] [][][][][][][][] [][][][][][][][][][][][] [][]
[][][][][][][][][][][][][][][][][][][][] [][][][]  
 []

[44

]
File: eTourPlanE.pdf Graphic file (type pdf)
 <use eTourPlanE.pdf>
Overfull \hbox (35.2824pt too wide) detected at line 879
[][][] $[]$[][][][][][][][] $[]$[][][][][][] 
 []


Overfull \vbox (0.41458pt too high) detected at line 879
 []


Overfull \hbox (7.4943pt too wide) has occurred while \output is active
  [] [][][][][][] [][][][][][][] [][][][][][][][] [][][][][][][][][][][][] [][]
[][][][][][][][][][][][][][][][][][][][] [][][][]  
 []

[45

]
File: eTourPlanE.pdf Graphic file (type pdf)
 <use eTourPlanE.pdf>
Overfull \hbox (35.2824pt too wide) detected at line 879
[][][] $[]$[][][][][][][][] $[]$[][][][][][] 
 []


Overfull \vbox (0.41458pt too high) detected at line 879
 []


Overfull \hbox (7.4943pt too wide) has occurred while \output is active
  [] [][][][][][] [][][][][][][] [][][][][][][][] [][][][][][][][][][][][] [][]
[][][][][][][][][][][][][][][][][][][][] [][][][]  
 []

[46

]
File: eTourPlanE.pdf Graphic file (type pdf)
 <use eTourPlanE.pdf>
Overfull \hbox (35.2824pt too wide) detected at line 879
[][][] $[]$[][][][][][][][] $[]$[][][][][][] 
 []


Overfull \vbox (0.41458pt too high) detected at line 879
 []


Overfull \hbox (7.4943pt too wide) has occurred while \output is active
  [] [][][][][][] [][][][][][][] [][][][][][][][] [][][][][][][][][][][][] [][]
[][][][][][][][][][][][][][][][][][][][] [][][][]  
 []

[47

]
File: eTourPlanE.pdf Graphic file (type pdf)
 <use eTourPlanE.pdf>
Overfull \hbox (35.2824pt too wide) detected at line 879
[][][] $[]$[][][][][][][][] $[]$[][][][][][] 
 []


Overfull \vbox (0.41458pt too high) detected at line 879
 []


Overfull \hbox (7.4943pt too wide) has occurred while \output is active
  [] [][][][][][] [][][][][][][] [][][][][][][][] [][][][][][][][][][][][] [][]
[][][][][][][][][][][][][][][][][][][][] [][][][]  
 []

[48

]
Overfull \hbox (7.4943pt too wide) has occurred while \output is active
  [] [][][][][][] [][][][][][][] [][][][][][][][] [][][][][][][][][][][][] [][]
[][][][][][][][][][][][][][][][][][][][] [][][][]  
 []

[49

]
Overfull \hbox (7.4943pt too wide) has occurred while \output is active
  [] [][][][][][] [][][][][][][] [][][][][][][][] [][][][][][][][][][][][] [][]
[][][][][][][][][][][][][][][][][][][][] [][][][]  
 []

[50

]
Overfull \hbox (7.4943pt too wide) has occurred while \output is active
  [] [][][][][][] [][][][][][][] [][][][][][][][] [][][][][][][][][][][][] [][]
[][][][][][][][][][][][][][][][][][][][] [][][][]  
 []

[51

]
Overfull \hbox (7.4943pt too wide) has occurred while \output is active
  [] [][][][][][] [][][][][][][] [][][][][][][][] [][][][][][][][][][][][] [][]
[][][][][][][][][][][][][][][][][][][][] [][][][]  
 []

[52

]
Overfull \hbox (7.4943pt too wide) has occurred while \output is active
  [] [][][][][][] [][][][][][][] [][][][][][][][] [][][][][][][][][][][][] [][]
[][][][][][][][][][][][][][][][][][][][] [][][][]  
 []

[53

]
Overfull \hbox (7.4943pt too wide) has occurred while \output is active
  [] [][][][][][] [][][][][][][] [][][][][][][][] [][][][][][][][][][][][] [][]
[][][][][][][][][][][][][][][][][][][][] [][][][]  
 []

[54

]
Overfull \hbox (7.4943pt too wide) has occurred while \output is active
  [] [][][][][][] [][][][][][][] [][][][][][][][] [][][][][][][][][][][][] [][]
[][][][][][][][][][][][][][][][][][][][] [][][][]  
 []

[55

]
Overfull \hbox (7.4943pt too wide) has occurred while \output is active
  [] [][][][][][] [][][][][][][] [][][][][][][][] [][][][][][][][][][][][] [][]
[][][][][][][][][][][][][][][][][][][][] [][][][]  
 []

[56

]
Overfull \hbox (7.4943pt too wide) has occurred while \output is active
  [] [][][][][][] [][][][][][][] [][][][][][][][] [][][][][][][][][][][][] [][]
[][][][][][][][][][][][][][][][][][][][] [][][][]  
 []

[57

]
Overfull \hbox (7.4943pt too wide) has occurred while \output is active
  [] [][][][][][] [][][][][][][] [][][][][][][][] [][][][][][][][][][][][] [][]
[][][][][][][][][][][][][][][][][][][][] [][][][]  
 []

[58

]
Overfull \hbox (7.4943pt too wide) has occurred while \output is active
  [] [][][][][][] [][][][][][][] [][][][][][][][] [][][][][][][][][][][][] [][]
[][][][][][][][][][][][][][][][][][][][] [][][][]  
 []

[59

]
Overfull \hbox (7.4943pt too wide) has occurred while \output is active
  [] [][][][][][] [][][][][][][] [][][][][][][][] [][][][][][][][][][][][] [][]
[][][][][][][][][][][][][][][][][][][][] [][][][]  
 []

[60

]
Overfull \hbox (7.4943pt too wide) has occurred while \output is active
  [] [][][][][][] [][][][][][][] [][][][][][][][] [][][][][][][][][][][][] [][]
[][][][][][][][][][][][][][][][][][][][] [][][][]  
 []

[61

]
Overfull \hbox (7.4943pt too wide) has occurred while \output is active
  [] [][][][][][] [][][][][][][] [][][][][][][][] [][][][][][][][][][][][] [][]
[][][][][][][][][][][][][][][][][][][][] [][][][]  
 []

[62

]
Overfull \hbox (7.4943pt too wide) has occurred while \output is active
  [] [][][][][][] [][][][][][][] [][][][][][][][] [][][][][][][][][][][][] [][]
[][][][][][][][][][][][][][][][][][][][] [][][][]  
 []

[63

]
LaTeX Font Info:    Font shape `T1/phv/m/it' in size <10> not available
(Font)              Font shape `T1/phv/m/sl' tried instead on input line 1245.

Overfull \hbox (7.4943pt too wide) has occurred while \output is active
  [] [][][][][][] [][][][][][][] [][][][][][][][] [][][][][][][][][][][][] [][]
[][][][][][][][][][][][][][][][][][][][] [][][][]  
 []

[64

]

pdfTeX warning:  (file E1.pdf): PDF inclusion: found PDF version <1.6>, but at 
most version <1.4> allowed
<E1.pdf, id=5709, 451.73578pt x 259.29272pt>
File: E1.pdf Graphic file (type pdf)
 <use E1.pdf>
Overfull \hbox (19.92412pt too wide) in paragraph at lines 1252--1252
 [] 
 []


Overfull \vbox (22.88281pt too high) detected at line 1252
 []


Overfull \hbox (7.4943pt too wide) has occurred while \output is active
  [] [][][][][][] [][][][][][][] [][][][][][][][] [][][][][][][][][][][][] [][]
[][][][][][][][][][][][][][][][][][][][] [][][][]  
 []

[65

 <E1.pdf>]

pdfTeX warning:  (file E2.pdf): PDF inclusion: found PDF version <1.6>, but at 
most version <1.4> allowed
<E2.pdf, id=5805, 462.3706pt x 260.81241pt>
File: E2.pdf Graphic file (type pdf)
 <use E2.pdf>
Overfull \hbox (19.93022pt too wide) in paragraph at lines 1259--1259
 [] 
 []


Overfull \vbox (22.88411pt too high) detected at line 1259
 []


Overfull \hbox (7.4943pt too wide) has occurred while \output is active
  [] [][][][][][] [][][][][][][] [][][][][][][][] [][][][][][][][][][][][] [][]
[][][][][][][][][][][][][][][][][][][][] [][][][]  
 []

[66

 <E2.pdf>]

pdfTeX warning:  (file E3.pdf): PDF inclusion: found PDF version <1.6>, but at 
most version <1.4> allowed
<E3.pdf, id=5903, 443.63272pt x 244.09996pt>
File: E3.pdf Graphic file (type pdf)
 <use E3.pdf>
Overfull \hbox (19.91687pt too wide) in paragraph at lines 1265--1265
 [] 
 []


Overfull \vbox (22.87802pt too high) detected at line 1265
 []


Overfull \hbox (7.4943pt too wide) has occurred while \output is active
  [] [][][][][][] [][][][][][][] [][][][][][][][] [][][][][][][][][][][][] [][]
[][][][][][][][][][][][][][][][][][][][] [][][][]  
 []

[67

 <E3.pdf>]

pdfTeX warning:  (file E4.pdf): PDF inclusion: found PDF version <1.6>, but at 
most version <1.4> allowed
<E4.pdf, id=6002, 446.16476pt x 278.5366pt>
File: E4.pdf Graphic file (type pdf)
 <use E4.pdf>
Overfull \hbox (19.91905pt too wide) in paragraph at lines 1271--1271
 [] 
 []


Overfull \vbox (22.8747pt too high) detected at line 1271
 []


Overfull \hbox (7.4943pt too wide) has occurred while \output is active
  [] [][][][][][] [][][][][][][] [][][][][][][][] [][][][][][][][][][][][] [][]
[][][][][][][][][][][][][][][][][][][][] [][][][]  
 []

[68

 <E4.pdf>]

pdfTeX warning:  (file E5.pdf): PDF inclusion: found PDF version <1.6>, but at 
most version <1.4> allowed
<E5.pdf, id=6100, 455.28064pt x 263.34384pt>
File: E5.pdf Graphic file (type pdf)
 <use E5.pdf>
Overfull \hbox (19.93533pt too wide) in paragraph at lines 1277--1277
 [] 
 []


Overfull \vbox (22.88454pt too high) detected at line 1277
 []


Overfull \hbox (7.4943pt too wide) has occurred while \output is active
  [] [][][][][][] [][][][][][][] [][][][][][][][] [][][][][][][][][][][][] [][]
[][][][][][][][][][][][][][][][][][][][] [][][][]  
 []

[69

 <E5.pdf>]

pdfTeX warning:  (file E6.pdf): PDF inclusion: found PDF version <1.6>, but at 
most version <1.4> allowed
<E6.pdf, id=6196, 416.97784pt x 371.42564pt>
File: E6.pdf Graphic file (type pdf)
 <use E6.pdf>
Overfull \hbox (5.69087pt too wide) in paragraph at lines 1284--1284
 [] 
 []


Overfull \vbox (37.09792pt too high) detected at line 1284
 []


Overfull \hbox (7.4943pt too wide) has occurred while \output is active
  [] [][][][][][] [][][][][][][] [][][][][][][][] [][][][][][][][][][][][] [][]
[][][][][][][][][][][][][][][][][][][][] [][][][]  
 []

[70

 <E6.pdf>]
Overfull \hbox (7.4943pt too wide) has occurred while \output is active
  [] [][][][][][] [][][][][][][] [][][][][][][][] [][][][][][][][][][][][] [][]
[][][][][][][][][][][][][][][][][][][][] [][][][]  
 []

[71

]

pdfTeX warning:  (file EventScheduling.pdf): PDF inclusion: found PDF version <
1.6>, but at most version <1.4> allowed
<EventScheduling.pdf, id=6381, 471.72816pt x 346.89702pt>
File: EventScheduling.pdf Graphic file (type pdf)

<use EventScheduling.pdf>
Overfull \hbox (19.91603pt too wide) in paragraph at lines 1336--1336
 [] 
 []


Overfull \vbox (22.87334pt too high) detected at line 1336
 []


Overfull \hbox (7.4943pt too wide) has occurred while \output is active
  [] [][][][][][] [][][][][][][] [][][][][][][][] [][][][][][][][][][][][] [][]
[][][][][][][][][][][][][][][][][][][][] [][][][]  
 []

[72

 <EventScheduling.pdf>]
Overfull \hbox (7.4943pt too wide) has occurred while \output is active
  [] [][][][][][] [][][][][][][] [][][][][][][][] [][][][][][][][][][][][] [][]
[][][][][][][][][][][][][][][][][][][][] [][][][]  
 []

[73

]
Overfull \hbox (7.4943pt too wide) has occurred while \output is active
  [] [][][][][][] [][][][][][][] [][][][][][][][] [][][][][][][][][][][][] [][]
[][][][][][][][][][][][][][][][][][][][] [][][][]  
 []

[74

]
Overfull \hbox (7.4943pt too wide) has occurred while \output is active
  [] [][][][][][] [][][][][][][] [][][][][][][][] [][][][][][][][][][][][] [][]
[][][][][][][][][][][][][][][][][][][][] [][][][]  
 []

[75

]
Overfull \hbox (7.4943pt too wide) has occurred while \output is active
  [] [][][][][][] [][][][][][][] [][][][][][][][] [][][][][][][][][][][][] [][]
[][][][][][][][][][][][][][][][][][][][] [][][][]  
 []

[76

]
Overfull \hbox (7.4943pt too wide) has occurred while \output is active
  [] [][][][][][] [][][][][][][] [][][][][][][][] [][][][][][][][][][][][] [][]
[][][][][][][][][][][][][][][][][][][][] [][][][]  
 []

[77

]
Overfull \hbox (7.4943pt too wide) has occurred while \output is active
  [] [][][][][][] [][][][][][][] [][][][][][][][] [][][][][][][][][][][][] [][]
[][][][][][][][][][][][][][][][][][][][] [][][][]  
 []

[78

]
Overfull \hbox (7.4943pt too wide) has occurred while \output is active
  [] [][][][][][] [][][][][][][] [][][][][][][][] [][][][][][][][][][][][] [][]
[][][][][][][][][][][][][][][][][][][][] [][][][]  
 []

[79

]
Overfull \hbox (7.4943pt too wide) has occurred while \output is active
  [] [][][][][][] [][][][][][][] [][][][][][][][] [][][][][][][][][][][][] [][]
[][][][][][][][][][][][][][][][][][][][] [][][][]  
 []

[80

]
Overfull \hbox (7.4943pt too wide) has occurred while \output is active
  [] [][][][][][] [][][][][][][] [][][][][][][][] [][][][][][][][][][][][] [][]
[][][][][][][][][][][][][][][][][][][][] [][][][]  
 []

[81

]

pdfTeX warning:  (file thanks.pdf): PDF inclusion: found PDF version <1.6>, but
 at most version <1.4> allowed
<thanks.pdf, id=7241, 462.8776pt x 300.31297pt>
File: thanks.pdf Graphic file (type pdf)
 <use thanks.pdf>
Overfull \hbox (19.91467pt too wide) in paragraph at lines 1433--1433
 [] 
 []


Overfull \vbox (22.88417pt too high) detected at line 1433
 []


Overfull \hbox (7.4943pt too wide) has occurred while \output is active
  [] [][][][][][] [][][][][][][] [][][][][][][][] [][][][][][][][][][][][] [][]
[][][][][][][][][][][][][][][][][][][][] [][][][]  
 []

[82

 <thanks.pdf>]
\tf@nav=\write5
\tf@toc=\write6
\tf@snm=\write7
 (Presentation.aux) ) 
Here is how much of TeX's memory you used:
 13673 strings out of 95337
 232334 string characters out of 1184115
 358703 words of memory out of 1500000
 16275 multiletter control sequences out of 110000
 65947 words of font info for 83 fonts, out of 1200000 for 2000
 14 hyphenation exceptions out of 8191
 43i,20n,59p,656b,911s stack positions out of 5000i,500n,10000p,200000b,5000s
{C:/Program Files/MiKTeX 2.7/fonts/enc/dvips/8r.enc}<C:/Pr
ogram Files/MiKTeX 2.7/fonts/type1/bluesky/cm/cmmi6.pfb><C:/Program Files/MiKTe
X 2.7/fonts/type1/bluesky/cm/cmmi7.pfb><C:/Program Files/MiKTeX 2.7/fonts/type1
/bluesky/cm/cmss8.pfb><C:/Program Files/MiKTeX 2.7/fonts/type1/bluesky/cm/cmsy5
.pfb><C:/Program Files/MiKTeX 2.7/fonts/type1/bluesky/cm/cmsy6.pfb><C:/Program 
Files/MiKTeX 2.7/fonts/type1/urw/helvetic/uhvb8a.pfb><C:/Program Files/MiKTeX 2
.7/fonts/type1/urw/helvetic/uhvr8a.pfb><C:/Program Files/MiKTeX 2.7/fonts/type1
/urw/helvetic/uhvro8a.pfb>
Output written on Presentation.pdf (82 pages, 4411668 bytes).
PDF statistics:
 7408 PDF objects out of 7423 (max. 8388607)
 193 named destinations out of 1000 (max. 131072)
 415 words of extra memory for PDF output out of 10000 (max. 10000000)

