This is pdfTeX, Version 3.141592-1.40.7 (MiKTeX 2.7) (preloaded format=pdflatex 2008.2.27)  2 OCT 2008 02:08
entering extended mode
**C:/Users/Tshering/Desktop/TsheringMCSThesisLatex/Acronyms.tex
(C:/Users/Tshering/Desktop/TsheringMCSThesisLatex/Acronyms.tex
LaTeX2e <2005/12/01>
Babel <v3.8h> and hyphenation patterns for english, dumylang, nohyphenation, ge
rman, ngerman, french, loaded.
! Undefined control sequence.
l.2 \chapter
            *{Acronyms}
The control sequence at the end of the top line
of your error message was never \def'ed. If you have
misspelled it (e.g., `\hobx'), type `I' and the correct
spelling (e.g., `I\hbox'). Otherwise just continue,
and I'll forget about whatever was undefined.


! LaTeX Error: Missing \begin{document}.

See the LaTeX manual or LaTeX Companion for explanation.
Type  H <return>  for immediate help.
 ...                                              
                                                  
l.2 \chapter*
             {Acronyms}
You're in trouble here.  Try typing  <return>  to proceed.
If that doesn't work, type  X <return>  to quit.

Missing character: There is no * in font nullfont!
Missing character: There is no A in font nullfont!
Missing character: There is no c in font nullfont!
Missing character: There is no r in font nullfont!
Missing character: There is no o in font nullfont!
Missing character: There is no n in font nullfont!
Missing character: There is no y in font nullfont!
Missing character: There is no m in font nullfont!
Missing character: There is no s in font nullfont!

Overfull \hbox (20.0pt too wide) in paragraph at lines 2--4
[]
 []

! Undefined control sequence.
l.5 \singlespacing
                  
The control sequence at the end of the top line
of your error message was never \def'ed. If you have
misspelled it (e.g., `\hobx'), type `I' and the correct
spelling (e.g., `I\hbox'). Otherwise just continue,
and I'll forget about whatever was undefined.


! LaTeX Error: Missing \begin{document}.

See the LaTeX manual or LaTeX Companion for explanation.
Type  H <return>  for immediate help.
 ...                                              
                                                  
l.6 \begin{verbatim}
                    
You're in trouble here.  Try typing  <return>  to proceed.
If that doesn't work, type  X <return>  to quit.


Overfull \hbox (20.0pt too wide) in paragraph at lines 6--6
[] 
 []


Overfull \hbox (125.9989pt too wide) in paragraph at lines 34--34
[] \OT1/cmtt/m/n/10 BU        -   Bottom Up[] 
 []


Overfull \hbox (183.7484pt too wide) in paragraph at lines 34--34
[] \OT1/cmtt/m/n/10 CBR       -   Case-Based Reasoning[] 
 []


Overfull \hbox (220.49808pt too wide) in paragraph at lines 34--34
[] \OT1/cmtt/m/n/10 DAML      -   DARPA Agent Markup Language[] 
 []


Overfull \hbox (236.24794pt too wide) in paragraph at lines 34--34
[] \OT1/cmtt/m/n/10 FOAF      -   the Friend Of A Friend project[] 
 []


Overfull \hbox (167.99854pt too wide) in paragraph at lines 34--34
[] \OT1/cmtt/m/n/10 FOL       -   First Order Logic[] 
 []


Overfull \hbox (209.99817pt too wide) in paragraph at lines 34--34
[] \OT1/cmtt/m/n/10 HTML      -   Hypertext Markup Language[] 
 []


Overfull \hbox (346.49698pt too wide) in paragraph at lines 34--34
[] \OT1/cmtt/m/n/10 IFITT     -   International Federation for IT, Travel and T
ourism[] 
 []


Overfull \hbox (288.74748pt too wide) in paragraph at lines 34--34
[] \OT1/cmtt/m/n/10 IMHO      -   Interoperable Minimum Harmonise Ontology[] 
 []


Overfull \hbox (304.49734pt too wide) in paragraph at lines 34--34
[] \OT1/cmtt/m/n/10 jDREW     -   java Deductive Reasoning Engine for the Web[]
 
 []


Overfull \hbox (152.24867pt too wide) in paragraph at lines 34--34
[] \OT1/cmtt/m/n/10 KB        -   Knowledge Base[] 
 []


Overfull \hbox (225.74803pt too wide) in paragraph at lines 34--34
[] \OT1/cmtt/m/n/10 MathML    -   Mathematical Markup Language[] 
 []


Overfull \hbox (178.49844pt too wide) in paragraph at lines 34--34
[] \OT1/cmtt/m/n/10 Naf       -   Negation as failure[] 
 []


Overfull \hbox (388.49661pt too wide) in paragraph at lines 34--34
[] \OT1/cmtt/m/n/10 OO jDREW  -   Object Oriented java Deductive Reasoning Engi
ne for the Web[] 
 []


Overfull \hbox (267.74767pt too wide) in paragraph at lines 34--34
[] \OT1/cmtt/m/n/10 OO RuleML -   Object-Oriented Rule Markup Language[] 
 []


Overfull \hbox (183.7484pt too wide) in paragraph at lines 34--34
[] \OT1/cmtt/m/n/10 OTA       -   Open Travel Alliance[] 
 []


Overfull \hbox (220.49808pt too wide) in paragraph at lines 34--34
[] \OT1/cmtt/m/n/10 POSL      -   Positional-Slotted Language[] 
 []


Overfull \hbox (183.7484pt too wide) in paragraph at lines 34--34
[] \OT1/cmtt/m/n/10 Prolog    -   PROgramming in LOGic[] 
 []


Overfull \hbox (236.24794pt too wide) in paragraph at lines 34--34
[] \OT1/cmtt/m/n/10 RDF       -   Resource Description Framework[] 
 []


Overfull \hbox (278.24757pt too wide) in paragraph at lines 34--34
[] \OT1/cmtt/m/n/10 RDFS      -   Resource Description Framework Schemas[] 
 []


Overfull \hbox (215.24812pt too wide) in paragraph at lines 34--34
[] \OT1/cmtt/m/n/10 SWRL      -   Semantic Web Rule Language[] 
 []


Overfull \hbox (120.74895pt too wide) in paragraph at lines 34--34
[] \OT1/cmtt/m/n/10 TD        -   Top Down[] 
 []


Overfull \hbox (225.74803pt too wide) in paragraph at lines 34--34
[] \OT1/cmtt/m/n/10 TTI       -   Travel Technology Initiative[] 
 []


Overfull \hbox (167.99854pt too wide) in paragraph at lines 34--34
[] \OT1/cmtt/m/n/10 WRL       -   Web Rule Language[] 
 []


Overfull \hbox (236.24794pt too wide) in paragraph at lines 34--34
[] \OT1/cmtt/m/n/10 WTO       -   the World Tourism Organisation[] 
 []


Overfull \hbox (209.99817pt too wide) in paragraph at lines 34--34
[] \OT1/cmtt/m/n/10 W3C       -   World Wide Web Consortium[] 
 []


Overfull \hbox (215.24812pt too wide) in paragraph at lines 34--34
[] \OT1/cmtt/m/n/10 XML       -   Extensible Markup Language[] 
 []


Overfull \hbox (320.24721pt too wide) in paragraph at lines 34--34
[] \OT1/cmtt/m/n/10 XSLT      -   Extensible Stylesheet Language Transformation
s[] 
 []

! Undefined control sequence.
l.35  \doublespacing
                    
The control sequence at the end of the top line
of your error message was never \def'ed. If you have
misspelled it (e.g., `\hobx'), type `I' and the correct
spelling (e.g., `I\hbox'). Otherwise just continue,
and I'll forget about whatever was undefined.

)
! Emergency stop.
<*> ...Desktop/TsheringMCSThesisLatex/Acronyms.tex
                                                  
*** (job aborted, no legal \end found)

 
Here is how much of TeX's memory you used:
 10 strings out of 95337
 263 string characters out of 1184115
 46877 words of memory out of 1500000
 3292 multiletter control sequences out of 110000
 3808 words of font info for 15 fonts, out of 1200000 for 2000
 14 hyphenation exceptions out of 8191
 18i,1n,14p,139b,156s stack positions out of 5000i,500n,10000p,200000b,5000s
!  ==> Fatal error occurred, no output PDF file produced!
