\BOOKMARK [0][-]{chapter*.1}{Dedication}{}
\BOOKMARK [0][-]{chapter*.2}{Abstract}{}
\BOOKMARK [0][-]{chapter*.3}{Acknowledgments}{}
\BOOKMARK [0][-]{chapter*.4}{Table of Contents}{}
\BOOKMARK [0][-]{chapter*.5}{List of Tables}{}
\BOOKMARK [0][-]{chapter*.6}{List of Figures}{}
\BOOKMARK [0][-]{chapter*.7}{Acronyms}{}
\BOOKMARK [0][-]{chapter.1}{Introduction}{}
\BOOKMARK [1][-]{section.1.1}{Overview}{chapter.1}
\BOOKMARK [1][-]{section.1.2}{Thesis Objectives and Methodology}{chapter.1}
\BOOKMARK [1][-]{section.1.3}{Thesis Organization}{chapter.1}
\BOOKMARK [0][-]{chapter.2}{Background}{}
\BOOKMARK [1][-]{section.2.1}{Tour Planner and Recommender Systems}{chapter.2}
\BOOKMARK [1][-]{section.2.2}{The Semantic Web}{chapter.2}
\BOOKMARK [2][-]{subsection.2.2.1}{Metadata}{section.2.2}
\BOOKMARK [2][-]{subsection.2.2.2}{Resource Description Framework}{section.2.2}
\BOOKMARK [1][-]{section.2.3}{Friend Of A Friend}{chapter.2}
\BOOKMARK [1][-]{section.2.4}{The Harmonise Ontology}{chapter.2}
\BOOKMARK [1][-]{section.2.5}{Semantic eTourism Prototype}{chapter.2}
\BOOKMARK [0][-]{chapter.3}{Rule Languages and Tools}{}
\BOOKMARK [1][-]{section.3.1}{Rule Languages}{chapter.3}
\BOOKMARK [2][-]{subsection.3.1.1}{Rule Markup Language}{section.3.1}
\BOOKMARK [2][-]{subsection.3.1.2}{Positional-Slotted Language}{section.3.1}
\BOOKMARK [1][-]{section.3.2}{Adaptation of the Rule Engine OO jDREW}{chapter.3}
\BOOKMARK [2][-]{subsection.3.2.1}{Basic OO jDREW}{section.3.2}
\BOOKMARK [2][-]{subsection.3.2.2}{Various Architectures of OO jDREW}{section.3.2}
\BOOKMARK [3][-]{subsubsection.3.2.2.1}{ Integration of OO jDREW BU and TD}{subsection.3.2.2}
\BOOKMARK [3][-]{subsubsection.3.2.2.2}{Top-Down FindAll Solutions}{subsection.3.2.2}
\BOOKMARK [0][-]{chapter.4}{Knowledge Base Design: Ontology and Facts}{}
\BOOKMARK [1][-]{section.4.1}{Ontology Design}{chapter.4}
\BOOKMARK [1][-]{section.4.2}{Ontology and FOAF-like Profile Descriptions of eTourPlan}{chapter.4}
\BOOKMARK [2][-]{subsection.4.2.1}{Province Profile}{section.4.2}
\BOOKMARK [2][-]{subsection.4.2.2}{Events Class}{section.4.2}
\BOOKMARK [2][-]{subsection.4.2.3}{Attractions Class}{section.4.2}
\BOOKMARK [2][-]{subsection.4.2.4}{Accommodations Class}{section.4.2}
\BOOKMARK [0][-]{chapter.5}{Knowledge Base Design: Rules}{}
\BOOKMARK [1][-]{section.5.1}{Auxiliary Rules}{chapter.5}
\BOOKMARK [2][-]{subsection.5.1.1}{Partonomy rules}{section.5.1}
\BOOKMARK [3][-]{subsubsection.5.1.1.1}{Classification of Regions}{subsection.5.1.1}
\BOOKMARK [3][-]{subsubsection.5.1.1.2}{Domain-Specific Partonomy Rule}{subsection.5.1.1}
\BOOKMARK [3][-]{subsubsection.5.1.1.3}{Enriched Partonomy Rule with Type Definition}{subsection.5.1.1}
\BOOKMARK [3][-]{subsubsection.5.1.1.4}{General Partonomy Rule}{subsection.5.1.1}
\BOOKMARK [2][-]{subsection.5.1.2}{Distance Computation}{section.5.1}
\BOOKMARK [3][-]{subsubsection.5.1.2.1}{Precomputation of All Routes}{subsection.5.1.2}
\BOOKMARK [3][-]{subsubsection.5.1.2.2}{Shortest Path Computation}{subsection.5.1.2}
\BOOKMARK [1][-]{section.5.2}{Rule Subsystem for eTourPlan Subdomains}{chapter.5}
\BOOKMARK [2][-]{subsection.5.2.1}{Rule System for Route Planning}{section.5.2}
\BOOKMARK [3][-]{subsubsection.5.2.1.1}{Searching Routes Between Provinces}{subsection.5.2.1}
\BOOKMARK [3][-]{subsubsection.5.2.1.2}{System Route Planning based on Province Profiles}{subsection.5.2.1}
\BOOKMARK [3][-]{subsubsection.5.2.1.3}{Route Planning via User-Preferred Provinces}{subsection.5.2.1}
\BOOKMARK [2][-]{subsection.5.2.2}{Rule System for Activity and Accommodation Search}{section.5.2}
\BOOKMARK [3][-]{subsubsection.5.2.2.1}{Parametric Search for Activity Details}{subsection.5.2.2}
\BOOKMARK [3][-]{subsubsection.5.2.2.2}{Parametric Search for Accommodation Details}{subsection.5.2.2}
\BOOKMARK [3][-]{subsubsection.5.2.2.3}{Search ``N" Activities at a Specific Province}{subsection.5.2.2}
\BOOKMARK [2][-]{subsection.5.2.3}{Rule System for Location-Centric Travel Recommender}{section.5.2}
\BOOKMARK [3][-]{subsubsection.5.2.3.1}{Location-Centric Tour \(Via User-Preferred Provinces\)}{subsection.5.2.3}
\BOOKMARK [3][-]{subsubsection.5.2.3.2}{Location-Centric Tour \(System-Recommended\)}{subsection.5.2.3}
\BOOKMARK [1][-]{section.5.3}{Rule System of the eTourPlan Travel Planner}{chapter.5}
\BOOKMARK [2][-]{subsection.5.3.1}{eTourPlan Attraction-Only Planning}{section.5.3}
\BOOKMARK [2][-]{subsection.5.3.2}{eTourPlan Event-Centric Planning}{section.5.3}
\BOOKMARK [0][-]{chapter.6}{eTourPlan And Its Evaluation on the Bhutan KB}{}
\BOOKMARK [1][-]{section.6.1}{Key Operations of the Prototype}{chapter.6}
\BOOKMARK [1][-]{section.6.2}{OO jDREW TD User Interface}{chapter.6}
\BOOKMARK [1][-]{section.6.3}{Experimental Results under Typical Operations}{chapter.6}
\BOOKMARK [2][-]{subsection.6.3.1}{Search operations}{section.6.3}
\BOOKMARK [3][-]{subsubsection.6.3.1.1}{Search for Provinces}{subsection.6.3.1}
\BOOKMARK [3][-]{subsubsection.6.3.1.2}{Search for Routes between Any Two Provinces}{subsection.6.3.1}
\BOOKMARK [3][-]{subsubsection.6.3.1.3}{Search for Activities}{subsection.6.3.1}
\BOOKMARK [3][-]{subsubsection.6.3.1.4}{Search for Accommodations}{subsection.6.3.1}
\BOOKMARK [3][-]{subsubsection.6.3.1.5}{Execution Times}{subsection.6.3.1}
\BOOKMARK [2][-]{subsection.6.3.2}{Location-Centric Recommendation}{section.6.3}
\BOOKMARK [3][-]{subsubsection.6.3.2.1}{Execution Times}{subsection.6.3.2}
\BOOKMARK [2][-]{subsection.6.3.3}{Complete Travel Planning Operation}{section.6.3}
\BOOKMARK [3][-]{subsubsection.6.3.3.1}{Attraction-Only Planning}{subsection.6.3.3}
\BOOKMARK [3][-]{subsubsection.6.3.3.2}{Scenarios of Event Planning}{subsection.6.3.3}
\BOOKMARK [3][-]{subsubsection.6.3.3.3}{Execution Times}{subsection.6.3.3}
\BOOKMARK [0][-]{chapter.7}{Conclusion}{}
\BOOKMARK [1][-]{section.7.1}{Contributions}{chapter.7}
\BOOKMARK [1][-]{section.7.2}{Future Work}{chapter.7}
\BOOKMARK [0][-]{chapter*.8}{References}{}
\BOOKMARK [0][-]{chapter*.9}{Appendix A: Main Recommender and Planner Rule Sets}{}
\BOOKMARK [0][-]{chapter*.12}{Appendix B: Profiles of Tourist Entities}{}
\BOOKMARK [0][-]{chapter*.13}{Appendix C: Partonomy and Distance Computation KB}{}
\BOOKMARK [0][-]{chapter*.16}{Appendix D: Auxiliary Rule Sets}{}
\BOOKMARK [0][-]{chapter*.18}{Appendix E: RDFS Type Definitions}{}
